<?xml version="1.0" encoding="UTF-8"?>
<testng-results skipped="0" failed="1" total="1" passed="0">
  <reporter-output>
    <line>
      <![CDATA[create new task]]>
    </line>
  </reporter-output>
  <suite name="Suite" duration-ms="24766" started-at="2019-12-27T10:06:26Z" finished-at="2019-12-27T10:06:51Z">
    <groups>
    </groups>
    <test name="Test" duration-ms="24766" started-at="2019-12-27T10:06:26Z" finished-at="2019-12-27T10:06:51Z">
      <class name="com.actitime.testscript.TestClass">
        <test-method status="PASS" signature="openBrowser()[pri:0, instance:com.actitime.testscript.TestClass@1ae369b7]" name="openBrowser" is-config="true" duration-ms="7127" started-at="2019-12-27T15:36:26Z" finished-at="2019-12-27T15:36:33Z">
          <reporter-output>
          </reporter-output>
        </test-method> <!-- openBrowser -->
        <test-method status="PASS" signature="login()[pri:0, instance:com.actitime.testscript.TestClass@1ae369b7]" name="login" is-config="true" duration-ms="16302" started-at="2019-12-27T15:36:34Z" finished-at="2019-12-27T15:36:50Z">
          <reporter-output>
          </reporter-output>
        </test-method> <!-- login -->
        <test-method status="FAIL" signature="testCreatNewTask()[pri:0, instance:com.actitime.testscript.TestClass@1ae369b7]" name="testCreatNewTask" duration-ms="75" started-at="2019-12-27T15:36:50Z" finished-at="2019-12-27T15:36:50Z">
          <exception class="java.lang.AssertionError">
            <message>
              <![CDATA[null]]>
            </message>
            <full-stacktrace>
              <![CDATA[java.lang.AssertionError: null
	at org.testng.Assert.fail(Assert.java:94)
	at org.testng.Assert.fail(Assert.java:101)
	at com.actitime.testscript.TestClass.testCreatNewTask(TestClass.java:15)
	at sun.reflect.NativeMethodAccessorImpl.invoke0(Native Method)
	at sun.reflect.NativeMethodAccessorImpl.invoke(Unknown Source)
	at sun.reflect.DelegatingMethodAccessorImpl.invoke(Unknown Source)
	at java.lang.reflect.Method.invoke(Unknown Source)
	at org.testng.internal.MethodInvocationHelper.invokeMethod(MethodInvocationHelper.java:84)
	at org.testng.internal.Invoker.invokeMethod(Invoker.java:714)
	at org.testng.internal.Invoker.invokeTestMethod(Invoker.java:901)
	at org.testng.internal.Invoker.invokeTestMethods(Invoker.java:1231)
	at org.testng.internal.TestMethodWorker.invokeTestMethods(TestMethodWorker.java:127)
	at org.testng.internal.TestMethodWorker.run(TestMethodWorker.java:111)
	at org.testng.TestRunner.privateRun(TestRunner.java:767)
	at org.testng.TestRunner.run(TestRunner.java:617)
	at org.testng.SuiteRunner.runTest(SuiteRunner.java:334)
	at org.testng.SuiteRunner.runSequentially(SuiteRunner.java:329)
	at org.testng.SuiteRunner.privateRun(SuiteRunner.java:291)
	at org.testng.SuiteRunner.run(SuiteRunner.java:240)
	at org.testng.SuiteRunnerWorker.runSuite(SuiteRunnerWorker.java:52)
	at org.testng.SuiteRunnerWorker.run(SuiteRunnerWorker.java:86)
	at org.testng.TestNG.runSuitesSequentially(TestNG.java:1224)
	at org.testng.TestNG.runSuitesLocally(TestNG.java:1149)
	at org.testng.TestNG.run(TestNG.java:1057)
	at org.testng.remote.RemoteTestNG.run(RemoteTestNG.java:111)
	at org.testng.remote.RemoteTestNG.initAndRun(RemoteTestNG.java:204)
	at org.testng.remote.RemoteTestNG.main(RemoteTestNG.java:175)
]]>
            </full-stacktrace>
          </exception> <!-- java.lang.AssertionError -->
          <reporter-output>
            <line>
              <![CDATA[create new task]]>
            </line>
          </reporter-output>
        </test-method> <!-- testCreatNewTask -->
        <test-method status="PASS" signature="logout()[pri:0, instance:com.actitime.testscript.TestClass@1ae369b7]" name="logout" is-config="true" duration-ms="1" started-at="2019-12-27T15:36:50Z" finished-at="2019-12-27T15:36:50Z">
          <reporter-output>
          </reporter-output>
        </test-method> <!-- logout -->
        <test-method status="PASS" signature="closeBrowser()[pri:0, instance:com.actitime.testscript.TestClass@1ae369b7]" name="closeBrowser" is-config="true" duration-ms="1223" started-at="2019-12-27T15:36:50Z" finished-at="2019-12-27T15:36:51Z">
          <reporter-output>
          </reporter-output>
        </test-method> <!-- closeBrowser -->
      </class> <!-- com.actitime.testscript.TestClass -->
    </test> <!-- Test -->
  </suite> <!-- Suite -->
</testng-results>
